<?xml version="1.0" encoding="UTF-8"?>
<!-- Generated by org.testng.reporters.JUnitXMLReporter -->
<testsuite ignored="3" hostname="DESKTOP-G5101JO" failures="0" tests="2" name="groupTest" time="0.08" errors="0" timestamp="2022-07-20T10:47:12 IST">
  <testcase classname="testNGpackage.grouping" name="testcase3" time="0.015"/>
  <testcase classname="testNGpackage.grouping" name="testcase4" time="0.003"/>
  <testcase classname="testNGpackage.grouping" name="testcase2" time="0.0">
    <ignored/>
  </testcase> <!-- testcase2 -->
  <testcase classname="testNGpackage.grouping" name="testcase5" time="0.0">
    <ignored/>
  </testcase> <!-- testcase5 -->
  <testcase classname="testNGpackage.grouping" name="testcase1" time="0.0">
    <ignored/>
  </testcase> <!-- testcase1 -->
</testsuite> <!-- groupTest -->
